2026-03-18T22:09:02 [INFO] Job started at 2026-03-18T16:39:02.921018Z
2026-03-18T22:09:02 [INFO] Loading config from: config.yaml
2026-03-18T22:09:02 [INFO] Config loaded — version=v1, seed=42, window=5
2026-03-18T22:09:02 [INFO] Random seed set to 42
2026-03-18T22:09:02 [INFO] Loading dataset from: data.csv
2026-03-18T22:09:02 [ERROR] Job failed: Required column 'close' not found in dataset
Traceback (most recent call last):
  File "/Users/rakshi/mlops-task/run.py", line 99, in run
    df = load_dataset(args.input)
  File "/Users/rakshi/mlops-task/run.py", line 64, in load_dataset
    raise ValueError("Required column 'close' not found in dataset")
ValueError: Required column 'close' not found in dataset
2026-03-18T22:13:31 [INFO] Job started at 2026-03-18T16:43:31.778341Z
2026-03-18T22:13:31 [INFO] Loading config from: config.yaml
2026-03-18T22:13:31 [INFO] Config loaded — version=v1, seed=42, window=5
2026-03-18T22:13:31 [INFO] Random seed set to 42
2026-03-18T22:13:31 [INFO] Loading dataset from: data.csv
2026-03-18T22:13:31 [ERROR] Job failed: Required column 'close' not found in dataset
Traceback (most recent call last):
  File "/Users/rakshi/mlops-task/run.py", line 99, in run
    df = load_dataset(args.input)
  File "/Users/rakshi/mlops-task/run.py", line 64, in load_dataset
    raise ValueError("Required column 'close' not found in dataset")
ValueError: Required column 'close' not found in dataset
2026-03-18T22:17:23 [INFO] Job started at 2026-03-18T16:47:23.895335Z
2026-03-18T22:17:23 [INFO] Loading config from: config.yaml
2026-03-18T22:17:23 [INFO] Config loaded — version=v1, seed=42, window=5
2026-03-18T22:17:23 [INFO] Random seed set to 42
2026-03-18T22:17:23 [INFO] Loading dataset from: data.csv
2026-03-18T22:17:23 [INFO] Dataset loaded — 10000 rows, columns: ['timestamp', 'open', 'high', 'low', 'close', 'volume_btc', 'volume_usd']
2026-03-18T22:17:23 [INFO] Computing rolling mean with window=5
2026-03-18T22:17:23 [INFO] Signal generated — signal_rate=0.4991, rows_processed=9996
2026-03-18T22:17:23 [INFO] Metrics written to metrics.json
2026-03-18T22:17:23 [INFO] Job completed successfully. Status: success
2026-03-18T22:21:57 [INFO] Job started at 2026-03-18T16:51:57.568027+00:00Z
2026-03-18T22:21:57 [INFO] Loading config from: config.yaml
2026-03-18T22:21:57 [INFO] Config loaded — version=v1, seed=42, window=5
2026-03-18T22:21:57 [INFO] Random seed set to 42
2026-03-18T22:21:57 [INFO] Loading dataset from: data.csv
2026-03-18T22:21:57 [INFO] Dataset loaded — 10000 rows, columns: ['timestamp', 'open', 'high', 'low', 'close', 'volume_btc', 'volume_usd']
2026-03-18T22:21:57 [INFO] Computing rolling mean with window=5
2026-03-18T22:21:57 [INFO] Signal generated — signal_rate=0.4991, rows_processed=9996
2026-03-18T22:21:57 [INFO] Metrics written to metrics.json
2026-03-18T22:21:57 [INFO] Job completed successfully. Status: success
2026-03-18T22:38:20 [INFO] Job started at 2026-03-18T17:08:20.290461+00:00Z
2026-03-18T22:38:20 [INFO] Loading config from: config.yaml
2026-03-18T22:38:20 [INFO] Config loaded — version=v1, seed=42, window=5
2026-03-18T22:38:20 [INFO] Random seed set to 42
2026-03-18T22:38:20 [INFO] Loading dataset from: data.csv
2026-03-18T22:38:20 [INFO] Dataset loaded — 10000 rows, columns: ['timestamp', 'open', 'high', 'low', 'close', 'volume_btc', 'volume_usd']
2026-03-18T22:38:20 [INFO] Computing rolling mean with window=5
2026-03-18T22:38:20 [INFO] Signal generated — signal_rate=0.4991, rows_processed=9996
2026-03-18T22:38:20 [INFO] Metrics written to metrics.json
2026-03-18T22:38:20 [INFO] Job completed successfully. Status: success
